Build started 3/4/2015 9:11:12 PM.
     1>Project "C:\Users\Ahmed\Documents\Visual Studio 2010\Projects\server\server\server.vcxproj" on node 2 (build target(s)).
     1>InitializeBuildStatus:
         Creating "Debug\server.unsuccessfulbuild" because "AlwaysCreate" was specified.
       ClCompile:
         C:\Program Files (x86)\Microsoft Visual Studio 10.0\VC\bin\CL.exe /c /IC:\Users\Ahmed\Downloads\netLink\include /ZI /nologo /W3 /WX- /Od /Oy- /D WIN32 /D _DEBUG /D _CONSOLE /D _UNICODE /D UNICODE /Gm /EHsc /RTC1 /MDd /GS /fp:precise /Zc:wchar_t /Zc:forScope /Fo"Debug\\" /Fd"Debug\vc100.pdb" /Gd /TP /analyze- /errorReport:prompt ..\..\..\..\..\Downloads\netLink\examples\socket\serverEcho.cc
         serverEcho.cc
     1>c:\users\ahmed\downloads\netlink\examples\socket\serverecho.cc(14): warning C4129: 'h' : unrecognized character escape sequence
     1>c:\users\ahmed\downloads\netlink\examples\socket\serverecho.cc(14): warning C4996: 'fopen': This function or variable may be unsafe. Consider using fopen_s instead. To disable deprecation, use _CRT_SECURE_NO_WARNINGS. See online help for details.
                 c:\program files (x86)\microsoft visual studio 10.0\vc\include\stdio.h(234) : see declaration of 'fopen'
       ManifestResourceCompile:
         All outputs are up-to-date.
       Link:
         C:\Program Files (x86)\Microsoft Visual Studio 10.0\VC\bin\link.exe /ERRORREPORT:PROMPT /OUT:"C:\Users\Ahmed\Documents\Visual Studio 2010\Projects\server\Debug\server.exe" /INCREMENTAL /NOLOGO ws2_32.lib kernel32.lib user32.lib gdi32.lib winspool.lib comdlg32.lib advapi32.lib shell32.lib ole32.lib oleaut32.lib uuid.lib odbc32.lib odbccp32.lib /MANIFEST /ManifestFile:"Debug\server.exe.intermediate.manifest" /MANIFESTUAC:"level='asInvoker' uiAccess='false'" /DEBUG /PDB:"C:\Users\Ahmed\Documents\Visual Studio 2010\Projects\server\Debug\server.pdb" /SUBSYSTEM:CONSOLE /TLBID:1 /DYNAMICBASE /NXCOMPAT /IMPLIB:"C:\Users\Ahmed\Documents\Visual Studio 2010\Projects\server\Debug\server.lib" /MACHINE:X86 Debug\server.exe.embed.manifest.res
         Debug\serverEcho.obj
         Debug\core.obj
         Debug\socket.obj
       Manifest:
         C:\Program Files (x86)\Microsoft SDKs\Windows\v7.0A\bin\mt.exe /nologo /verbose /out:"Debug\server.exe.embed.manifest" /manifest Debug\server.exe.intermediate.manifest
         All outputs are up-to-date.
       LinkEmbedManifest:
         All outputs are up-to-date.
         server.vcxproj -> C:\Users\Ahmed\Documents\Visual Studio 2010\Projects\server\Debug\server.exe
       FinalizeBuildStatus:
         Deleting file "Debug\server.unsuccessfulbuild".
         Touching "Debug\server.lastbuildstate".
     1>Done Building Project "C:\Users\Ahmed\Documents\Visual Studio 2010\Projects\server\server\server.vcxproj" (build target(s)).

Build succeeded.

Time Elapsed 00:00:04.20
